00:11:11.133 [main] DEBUG co.copper.app.App - Using AppEnvironment [managementHttpPort=8000]
00:11:11.141 [main] INFO  co.copper.app.App - Starting...
00:11:11.147 [main] INFO  co.copper.app.mon.ManagementHttpServer - Starting management server...
00:11:11.403 [main] INFO  co.copper.app.mon.ManagementHttpServer - Started
00:11:11.407 [main] INFO  co.copper.app.App - Started
00:37:05.182 [main] DEBUG co.copper.app.App - Using AppEnvironment [managementHttpPort=8000]
00:37:05.187 [main] INFO  co.copper.app.App - Starting...
00:37:05.192 [main] INFO  co.copper.app.mon.ManagementHttpServer - Starting management server...
00:37:05.508 [main] INFO  co.copper.app.mon.ManagementHttpServer - Started
00:37:05.512 [main] INFO  co.copper.app.App - Started
00:37:51.673 [XNIO-1 task-1] ERROR co.copper.app.App - Unexpected payment error
java.net.ConnectException: Connection refused (Connection refused)
	at java.base/java.net.PlainSocketImpl.socketConnect(Native Method)
	at java.base/java.net.AbstractPlainSocketImpl.doConnect(AbstractPlainSocketImpl.java:399)
	at java.base/java.net.AbstractPlainSocketImpl.connectToAddress(AbstractPlainSocketImpl.java:242)
	at java.base/java.net.AbstractPlainSocketImpl.connect(AbstractPlainSocketImpl.java:224)
	at java.base/java.net.Socket.connect(Socket.java:608)
	at java.base/sun.net.NetworkClient.doConnect(NetworkClient.java:177)
	at java.base/sun.net.www.http.HttpClient.openServer(HttpClient.java:474)
	at java.base/sun.net.www.http.HttpClient.openServer(HttpClient.java:569)
	at java.base/sun.net.www.http.HttpClient.<init>(HttpClient.java:242)
	at java.base/sun.net.www.http.HttpClient.New(HttpClient.java:341)
	at java.base/sun.net.www.http.HttpClient.New(HttpClient.java:362)
	at java.base/sun.net.www.protocol.http.HttpURLConnection.getNewHttpClient(HttpURLConnection.java:1253)
	at java.base/sun.net.www.protocol.http.HttpURLConnection.plainConnect0(HttpURLConnection.java:1187)
	at java.base/sun.net.www.protocol.http.HttpURLConnection.plainConnect(HttpURLConnection.java:1081)
	at java.base/sun.net.www.protocol.http.HttpURLConnection.connect(HttpURLConnection.java:1015)
	at java.base/sun.net.www.protocol.http.HttpURLConnection.getOutputStream0(HttpURLConnection.java:1367)
	at java.base/sun.net.www.protocol.http.HttpURLConnection.getOutputStream(HttpURLConnection.java:1342)
	at co.copper.app.util.HttpClient.openURL(HttpClient.java:105)
	at co.copper.app.util.HttpClient.post(HttpClient.java:71)
	at co.copper.app.Wallet.sendMany(Wallet.java:168)
	at co.copper.app.Wallet.send(Wallet.java:131)
	at co.copper.app.App.paymentPostHandler(App.java:124)
	at co.copper.app.mon.ManagementHttpServer.lambda$4(ManagementHttpServer.java:131)
	at java.base/java.util.concurrent.ThreadPoolExecutor.runWorker(ThreadPoolExecutor.java:1128)
	at java.base/java.util.concurrent.ThreadPoolExecutor$Worker.run(ThreadPoolExecutor.java:628)
	at java.base/java.lang.Thread.run(Thread.java:834)
00:38:55.028 [XNIO-1 task-1] ERROR co.copper.app.App - Unexpected payment error
java.net.ConnectException: Connection refused (Connection refused)
	at java.base/java.net.PlainSocketImpl.socketConnect(Native Method)
	at java.base/java.net.AbstractPlainSocketImpl.doConnect(AbstractPlainSocketImpl.java:399)
	at java.base/java.net.AbstractPlainSocketImpl.connectToAddress(AbstractPlainSocketImpl.java:242)
	at java.base/java.net.AbstractPlainSocketImpl.connect(AbstractPlainSocketImpl.java:224)
	at java.base/java.net.Socket.connect(Socket.java:608)
	at java.base/sun.net.NetworkClient.doConnect(NetworkClient.java:177)
	at java.base/sun.net.www.http.HttpClient.openServer(HttpClient.java:474)
	at java.base/sun.net.www.http.HttpClient.openServer(HttpClient.java:569)
	at java.base/sun.net.www.http.HttpClient.<init>(HttpClient.java:242)
	at java.base/sun.net.www.http.HttpClient.New(HttpClient.java:341)
	at java.base/sun.net.www.http.HttpClient.New(HttpClient.java:362)
	at java.base/sun.net.www.protocol.http.HttpURLConnection.getNewHttpClient(HttpURLConnection.java:1253)
	at java.base/sun.net.www.protocol.http.HttpURLConnection.plainConnect0(HttpURLConnection.java:1187)
	at java.base/sun.net.www.protocol.http.HttpURLConnection.plainConnect(HttpURLConnection.java:1081)
	at java.base/sun.net.www.protocol.http.HttpURLConnection.connect(HttpURLConnection.java:1015)
	at java.base/sun.net.www.protocol.http.HttpURLConnection.getOutputStream0(HttpURLConnection.java:1367)
	at java.base/sun.net.www.protocol.http.HttpURLConnection.getOutputStream(HttpURLConnection.java:1342)
	at co.copper.app.util.HttpClient.openURL(HttpClient.java:105)
	at co.copper.app.util.HttpClient.post(HttpClient.java:71)
	at co.copper.app.Wallet.sendMany(Wallet.java:168)
	at co.copper.app.Wallet.send(Wallet.java:131)
	at co.copper.app.App.paymentPostHandler(App.java:124)
	at co.copper.app.mon.ManagementHttpServer.lambda$4(ManagementHttpServer.java:131)
	at java.base/java.util.concurrent.ThreadPoolExecutor.runWorker(ThreadPoolExecutor.java:1128)
	at java.base/java.util.concurrent.ThreadPoolExecutor$Worker.run(ThreadPoolExecutor.java:628)
	at java.base/java.lang.Thread.run(Thread.java:834)
00:41:31.755 [XNIO-1 task-1] ERROR co.copper.app.App - Unexpected payment error
co.copper.app.exception.APIException: {"error":"Request to fetch wallet timed out, check that your API key is correct"}
	at co.copper.app.util.HttpClient.openURL(HttpClient.java:110)
	at co.copper.app.util.HttpClient.post(HttpClient.java:71)
	at co.copper.app.Wallet.sendMany(Wallet.java:168)
	at co.copper.app.Wallet.send(Wallet.java:131)
	at co.copper.app.App.paymentPostHandler(App.java:124)
	at co.copper.app.mon.ManagementHttpServer.lambda$4(ManagementHttpServer.java:131)
	at java.base/java.util.concurrent.ThreadPoolExecutor.runWorker(ThreadPoolExecutor.java:1128)
	at java.base/java.util.concurrent.ThreadPoolExecutor$Worker.run(ThreadPoolExecutor.java:628)
	at java.base/java.lang.Thread.run(Thread.java:834)
00:42:21.005 [main] DEBUG co.copper.app.App - Using AppEnvironment [managementHttpPort=8000]
00:42:21.010 [main] INFO  co.copper.app.App - Starting...
00:42:21.015 [main] INFO  co.copper.app.mon.ManagementHttpServer - Starting management server...
00:42:21.257 [main] INFO  co.copper.app.mon.ManagementHttpServer - Started
00:42:21.259 [main] INFO  co.copper.app.App - Started
00:42:41.410 [XNIO-1 task-1] INFO  co.copper.app.App - Address: 1JzSZFs2DQke2B3S4pBxaNaMzzVZaG4Cqh
00:42:54.394 [XNIO-1 task-1] INFO  co.copper.app.App - Address: 1JzSZFs2DQke2B3S4pBxaNaMzzVZaG4Cqh
00:43:06.882 [SIGTERM handler] WARN  co.copper.app.App - SIGTERM
00:43:06.882 [SIGTERM handler] WARN  co.copper.app.App - Shutdown 0
00:43:06.882 [main] WARN  co.copper.app.App - Stopping...
00:43:06.884 [main] WARN  co.copper.app.App - Stopped
01:19:01.530 [main] DEBUG co.copper.app.App - Using AppEnvironment [managementHttpPort=8000]
01:19:01.538 [main] INFO  co.copper.app.App - Starting...
01:19:01.544 [main] INFO  co.copper.app.mon.ManagementHttpServer - Starting management server...
01:19:01.818 [main] INFO  co.copper.app.mon.ManagementHttpServer - Started
01:19:01.822 [main] INFO  co.copper.app.App - Started
01:28:03.585 [main] DEBUG co.copper.app.App - Using AppEnvironment [managementHttpPort=8000]
01:28:03.727 [main] INFO  co.copper.app.App - Starting...
01:29:45.778 [main] DEBUG co.copper.app.App - Using AppEnvironment [managementHttpPort=8000]
01:29:45.949 [main] INFO  co.copper.app.App - Starting...
01:29:46.107 [main] INFO  co.copper.app.mon.ManagementHttpServer - Starting management server...
01:29:55.557 [main] INFO  co.copper.app.mon.ManagementHttpServer - Started
01:29:55.593 [main] INFO  co.copper.app.App - Started
01:31:10.948 [XNIO-1 I/O-1] ERROR co.copper.app.App - Unexpected payment error
co.copper.app.exception.APIException: {"error":"Request to fetch wallet timed out, check that your API key is correct"}
	at co.copper.app.util.HttpClient.openURL(HttpClient.java:110)
	at co.copper.app.util.HttpClient.post(HttpClient.java:71)
	at co.copper.app.Wallet.sendMany(Wallet.java:168)
	at co.copper.app.Wallet.send(Wallet.java:131)
	at co.copper.app.App.paymentGetHandler(App.java:124)
	at co.copper.app.mon.ManagementHttpServer.lambda$2(ManagementHttpServer.java:107)
	at io.undertow.server.RoutingHandler.handleRequest(RoutingHandler.java:93)
	at io.undertow.server.Connectors.executeRootHandler(Connectors.java:364)
	at io.undertow.server.protocol.http.HttpReadListener.handleEventWithNoRunningRequest(HttpReadListener.java:255)
	at io.undertow.server.protocol.http.HttpReadListener.handleEvent(HttpReadListener.java:136)
	at io.undertow.server.protocol.http.HttpOpenListener.handleEvent(HttpOpenListener.java:162)
	at io.undertow.server.protocol.http.HttpOpenListener.handleEvent(HttpOpenListener.java:100)
	at io.undertow.server.protocol.http.HttpOpenListener.handleEvent(HttpOpenListener.java:57)
	at org.xnio.ChannelListeners.invokeChannelListener(ChannelListeners.java:92)
	at org.xnio.ChannelListeners$10.handleEvent(ChannelListeners.java:291)
	at org.xnio.ChannelListeners$10.handleEvent(ChannelListeners.java:286)
	at org.xnio.ChannelListeners.invokeChannelListener(ChannelListeners.java:92)
	at org.xnio.nio.QueuedNioTcpServer$1.run(QueuedNioTcpServer.java:129)
	at org.xnio.nio.WorkerThread.safeRun(WorkerThread.java:582)
	at org.xnio.nio.WorkerThread.run(WorkerThread.java:466)
01:31:48.906 [main] DEBUG co.copper.app.App - Using AppEnvironment [managementHttpPort=8000]
01:31:49.102 [main] INFO  co.copper.app.App - Starting...
01:31:49.281 [main] INFO  co.copper.app.mon.ManagementHttpServer - Starting management server...
01:31:58.955 [main] INFO  co.copper.app.mon.ManagementHttpServer - Started
01:31:58.991 [main] INFO  co.copper.app.App - Started
01:33:58.567 [main] DEBUG co.copper.app.App - Using AppEnvironment [managementHttpPort=8000]
01:33:58.735 [main] INFO  co.copper.app.App - Starting...
01:33:58.911 [main] INFO  co.copper.app.mon.ManagementHttpServer - Starting management server...
01:34:08.328 [main] INFO  co.copper.app.mon.ManagementHttpServer - Started
01:34:08.367 [main] INFO  co.copper.app.App - Started
01:38:15.269 [main] DEBUG co.copper.app.App - Using AppEnvironment [managementHttpPort=8000]
01:38:15.417 [main] INFO  co.copper.app.App - Starting...
01:38:15.555 [main] INFO  co.copper.app.mon.ManagementHttpServer - Starting management server...
01:38:24.823 [main] INFO  co.copper.app.mon.ManagementHttpServer - Started
01:38:24.860 [main] INFO  co.copper.app.App - Started
01:38:41.875 [XNIO-1 I/O-1] ERROR co.copper.app.App - Unexpected payment error
java.net.ConnectException: Connection refused (Connection refused)
	at java.base/java.net.PlainSocketImpl.socketConnect(Native Method)
	at java.base/java.net.AbstractPlainSocketImpl.doConnect(AbstractPlainSocketImpl.java:399)
	at java.base/java.net.AbstractPlainSocketImpl.connectToAddress(AbstractPlainSocketImpl.java:242)
	at java.base/java.net.AbstractPlainSocketImpl.connect(AbstractPlainSocketImpl.java:224)
	at java.base/java.net.Socket.connect(Socket.java:608)
	at java.base/sun.net.NetworkClient.doConnect(NetworkClient.java:177)
	at java.base/sun.net.www.http.HttpClient.openServer(HttpClient.java:474)
	at java.base/sun.net.www.http.HttpClient.openServer(HttpClient.java:569)
	at java.base/sun.net.www.http.HttpClient.<init>(HttpClient.java:242)
	at java.base/sun.net.www.http.HttpClient.New(HttpClient.java:341)
	at java.base/sun.net.www.http.HttpClient.New(HttpClient.java:362)
	at java.base/sun.net.www.protocol.http.HttpURLConnection.getNewHttpClient(HttpURLConnection.java:1253)
	at java.base/sun.net.www.protocol.http.HttpURLConnection.plainConnect0(HttpURLConnection.java:1187)
	at java.base/sun.net.www.protocol.http.HttpURLConnection.plainConnect(HttpURLConnection.java:1081)
	at java.base/sun.net.www.protocol.http.HttpURLConnection.connect(HttpURLConnection.java:1015)
	at java.base/sun.net.www.protocol.http.HttpURLConnection.getOutputStream0(HttpURLConnection.java:1367)
	at java.base/sun.net.www.protocol.http.HttpURLConnection.getOutputStream(HttpURLConnection.java:1342)
	at co.copper.app.util.HttpClient.openURL(HttpClient.java:105)
	at co.copper.app.util.HttpClient.post(HttpClient.java:71)
	at co.copper.app.Wallet.sendMany(Wallet.java:168)
	at co.copper.app.Wallet.send(Wallet.java:131)
	at co.copper.app.App.paymentGetHandler(App.java:124)
	at co.copper.app.mon.ManagementHttpServer.lambda$2(ManagementHttpServer.java:107)
	at io.undertow.server.RoutingHandler.handleRequest(RoutingHandler.java:93)
	at io.undertow.server.Connectors.executeRootHandler(Connectors.java:364)
	at io.undertow.server.protocol.http.HttpReadListener.handleEventWithNoRunningRequest(HttpReadListener.java:255)
	at io.undertow.server.protocol.http.HttpReadListener.handleEvent(HttpReadListener.java:136)
	at io.undertow.server.protocol.http.HttpOpenListener.handleEvent(HttpOpenListener.java:162)
	at io.undertow.server.protocol.http.HttpOpenListener.handleEvent(HttpOpenListener.java:100)
	at io.undertow.server.protocol.http.HttpOpenListener.handleEvent(HttpOpenListener.java:57)
	at org.xnio.ChannelListeners.invokeChannelListener(ChannelListeners.java:92)
	at org.xnio.ChannelListeners$10.handleEvent(ChannelListeners.java:291)
	at org.xnio.ChannelListeners$10.handleEvent(ChannelListeners.java:286)
	at org.xnio.ChannelListeners.invokeChannelListener(ChannelListeners.java:92)
	at org.xnio.nio.QueuedNioTcpServer$1.run(QueuedNioTcpServer.java:129)
	at org.xnio.nio.WorkerThread.safeRun(WorkerThread.java:582)
	at org.xnio.nio.WorkerThread.run(WorkerThread.java:466)
01:38:44.838 [XNIO-1 I/O-1] ERROR co.copper.app.App - Unexpected payment error
java.net.ConnectException: Connection refused (Connection refused)
	at java.base/java.net.PlainSocketImpl.socketConnect(Native Method)
	at java.base/java.net.AbstractPlainSocketImpl.doConnect(AbstractPlainSocketImpl.java:399)
	at java.base/java.net.AbstractPlainSocketImpl.connectToAddress(AbstractPlainSocketImpl.java:242)
	at java.base/java.net.AbstractPlainSocketImpl.connect(AbstractPlainSocketImpl.java:224)
	at java.base/java.net.Socket.connect(Socket.java:608)
	at java.base/sun.net.NetworkClient.doConnect(NetworkClient.java:177)
	at java.base/sun.net.www.http.HttpClient.openServer(HttpClient.java:474)
	at java.base/sun.net.www.http.HttpClient.openServer(HttpClient.java:569)
	at java.base/sun.net.www.http.HttpClient.<init>(HttpClient.java:242)
	at java.base/sun.net.www.http.HttpClient.New(HttpClient.java:341)
	at java.base/sun.net.www.http.HttpClient.New(HttpClient.java:362)
	at java.base/sun.net.www.protocol.http.HttpURLConnection.getNewHttpClient(HttpURLConnection.java:1253)
	at java.base/sun.net.www.protocol.http.HttpURLConnection.plainConnect0(HttpURLConnection.java:1187)
	at java.base/sun.net.www.protocol.http.HttpURLConnection.plainConnect(HttpURLConnection.java:1081)
	at java.base/sun.net.www.protocol.http.HttpURLConnection.connect(HttpURLConnection.java:1015)
	at java.base/sun.net.www.protocol.http.HttpURLConnection.getOutputStream0(HttpURLConnection.java:1367)
	at java.base/sun.net.www.protocol.http.HttpURLConnection.getOutputStream(HttpURLConnection.java:1342)
	at co.copper.app.util.HttpClient.openURL(HttpClient.java:105)
	at co.copper.app.util.HttpClient.post(HttpClient.java:71)
	at co.copper.app.Wallet.sendMany(Wallet.java:168)
	at co.copper.app.Wallet.send(Wallet.java:131)
	at co.copper.app.App.paymentGetHandler(App.java:124)
	at co.copper.app.mon.ManagementHttpServer.lambda$2(ManagementHttpServer.java:107)
	at io.undertow.server.RoutingHandler.handleRequest(RoutingHandler.java:93)
	at io.undertow.server.Connectors.executeRootHandler(Connectors.java:364)
	at io.undertow.server.protocol.http.HttpReadListener.handleEventWithNoRunningRequest(HttpReadListener.java:255)
	at io.undertow.server.protocol.http.HttpReadListener.handleEvent(HttpReadListener.java:136)
	at io.undertow.server.protocol.http.HttpOpenListener.handleEvent(HttpOpenListener.java:162)
	at io.undertow.server.protocol.http.HttpOpenListener.handleEvent(HttpOpenListener.java:100)
	at io.undertow.server.protocol.http.HttpOpenListener.handleEvent(HttpOpenListener.java:57)
	at org.xnio.ChannelListeners.invokeChannelListener(ChannelListeners.java:92)
	at org.xnio.ChannelListeners$10.handleEvent(ChannelListeners.java:291)
	at org.xnio.ChannelListeners$10.handleEvent(ChannelListeners.java:286)
	at org.xnio.ChannelListeners.invokeChannelListener(ChannelListeners.java:92)
	at org.xnio.nio.QueuedNioTcpServer$1.run(QueuedNioTcpServer.java:129)
	at org.xnio.nio.WorkerThread.safeRun(WorkerThread.java:582)
	at org.xnio.nio.WorkerThread.run(WorkerThread.java:466)
01:38:46.660 [XNIO-1 I/O-1] ERROR co.copper.app.App - Unexpected payment error
java.net.ConnectException: Connection refused (Connection refused)
	at java.base/java.net.PlainSocketImpl.socketConnect(Native Method)
	at java.base/java.net.AbstractPlainSocketImpl.doConnect(AbstractPlainSocketImpl.java:399)
	at java.base/java.net.AbstractPlainSocketImpl.connectToAddress(AbstractPlainSocketImpl.java:242)
	at java.base/java.net.AbstractPlainSocketImpl.connect(AbstractPlainSocketImpl.java:224)
	at java.base/java.net.Socket.connect(Socket.java:608)
	at java.base/sun.net.NetworkClient.doConnect(NetworkClient.java:177)
	at java.base/sun.net.www.http.HttpClient.openServer(HttpClient.java:474)
	at java.base/sun.net.www.http.HttpClient.openServer(HttpClient.java:569)
	at java.base/sun.net.www.http.HttpClient.<init>(HttpClient.java:242)
	at java.base/sun.net.www.http.HttpClient.New(HttpClient.java:341)
	at java.base/sun.net.www.http.HttpClient.New(HttpClient.java:362)
	at java.base/sun.net.www.protocol.http.HttpURLConnection.getNewHttpClient(HttpURLConnection.java:1253)
	at java.base/sun.net.www.protocol.http.HttpURLConnection.plainConnect0(HttpURLConnection.java:1187)
	at java.base/sun.net.www.protocol.http.HttpURLConnection.plainConnect(HttpURLConnection.java:1081)
	at java.base/sun.net.www.protocol.http.HttpURLConnection.connect(HttpURLConnection.java:1015)
	at java.base/sun.net.www.protocol.http.HttpURLConnection.getOutputStream0(HttpURLConnection.java:1367)
	at java.base/sun.net.www.protocol.http.HttpURLConnection.getOutputStream(HttpURLConnection.java:1342)
	at co.copper.app.util.HttpClient.openURL(HttpClient.java:105)
	at co.copper.app.util.HttpClient.post(HttpClient.java:71)
	at co.copper.app.Wallet.sendMany(Wallet.java:168)
	at co.copper.app.Wallet.send(Wallet.java:131)
	at co.copper.app.App.paymentGetHandler(App.java:124)
	at co.copper.app.mon.ManagementHttpServer.lambda$2(ManagementHttpServer.java:107)
	at io.undertow.server.RoutingHandler.handleRequest(RoutingHandler.java:93)
	at io.undertow.server.Connectors.executeRootHandler(Connectors.java:364)
	at io.undertow.server.protocol.http.HttpReadListener.handleEventWithNoRunningRequest(HttpReadListener.java:255)
	at io.undertow.server.protocol.http.HttpReadListener.handleEvent(HttpReadListener.java:136)
	at io.undertow.server.protocol.http.HttpOpenListener.handleEvent(HttpOpenListener.java:162)
	at io.undertow.server.protocol.http.HttpOpenListener.handleEvent(HttpOpenListener.java:100)
	at io.undertow.server.protocol.http.HttpOpenListener.handleEvent(HttpOpenListener.java:57)
	at org.xnio.ChannelListeners.invokeChannelListener(ChannelListeners.java:92)
	at org.xnio.ChannelListeners$10.handleEvent(ChannelListeners.java:291)
	at org.xnio.ChannelListeners$10.handleEvent(ChannelListeners.java:286)
	at org.xnio.ChannelListeners.invokeChannelListener(ChannelListeners.java:92)
	at org.xnio.nio.QueuedNioTcpServer$1.run(QueuedNioTcpServer.java:129)
	at org.xnio.nio.WorkerThread.safeRun(WorkerThread.java:582)
	at org.xnio.nio.WorkerThread.run(WorkerThread.java:466)
01:38:47.750 [XNIO-1 I/O-1] ERROR co.copper.app.App - Unexpected payment error
java.net.ConnectException: Connection refused (Connection refused)
	at java.base/java.net.PlainSocketImpl.socketConnect(Native Method)
	at java.base/java.net.AbstractPlainSocketImpl.doConnect(AbstractPlainSocketImpl.java:399)
	at java.base/java.net.AbstractPlainSocketImpl.connectToAddress(AbstractPlainSocketImpl.java:242)
	at java.base/java.net.AbstractPlainSocketImpl.connect(AbstractPlainSocketImpl.java:224)
	at java.base/java.net.Socket.connect(Socket.java:608)
	at java.base/sun.net.NetworkClient.doConnect(NetworkClient.java:177)
	at java.base/sun.net.www.http.HttpClient.openServer(HttpClient.java:474)
	at java.base/sun.net.www.http.HttpClient.openServer(HttpClient.java:569)
	at java.base/sun.net.www.http.HttpClient.<init>(HttpClient.java:242)
	at java.base/sun.net.www.http.HttpClient.New(HttpClient.java:341)
	at java.base/sun.net.www.http.HttpClient.New(HttpClient.java:362)
	at java.base/sun.net.www.protocol.http.HttpURLConnection.getNewHttpClient(HttpURLConnection.java:1253)
	at java.base/sun.net.www.protocol.http.HttpURLConnection.plainConnect0(HttpURLConnection.java:1187)
	at java.base/sun.net.www.protocol.http.HttpURLConnection.plainConnect(HttpURLConnection.java:1081)
	at java.base/sun.net.www.protocol.http.HttpURLConnection.connect(HttpURLConnection.java:1015)
	at java.base/sun.net.www.protocol.http.HttpURLConnection.getOutputStream0(HttpURLConnection.java:1367)
	at java.base/sun.net.www.protocol.http.HttpURLConnection.getOutputStream(HttpURLConnection.java:1342)
	at co.copper.app.util.HttpClient.openURL(HttpClient.java:105)
	at co.copper.app.util.HttpClient.post(HttpClient.java:71)
	at co.copper.app.Wallet.sendMany(Wallet.java:168)
	at co.copper.app.Wallet.send(Wallet.java:131)
	at co.copper.app.App.paymentGetHandler(App.java:124)
	at co.copper.app.mon.ManagementHttpServer.lambda$2(ManagementHttpServer.java:107)
	at io.undertow.server.RoutingHandler.handleRequest(RoutingHandler.java:93)
	at io.undertow.server.Connectors.executeRootHandler(Connectors.java:364)
	at io.undertow.server.protocol.http.HttpReadListener.handleEventWithNoRunningRequest(HttpReadListener.java:255)
	at io.undertow.server.protocol.http.HttpReadListener.handleEvent(HttpReadListener.java:136)
	at io.undertow.server.protocol.http.HttpOpenListener.handleEvent(HttpOpenListener.java:162)
	at io.undertow.server.protocol.http.HttpOpenListener.handleEvent(HttpOpenListener.java:100)
	at io.undertow.server.protocol.http.HttpOpenListener.handleEvent(HttpOpenListener.java:57)
	at org.xnio.ChannelListeners.invokeChannelListener(ChannelListeners.java:92)
	at org.xnio.ChannelListeners$10.handleEvent(ChannelListeners.java:291)
	at org.xnio.ChannelListeners$10.handleEvent(ChannelListeners.java:286)
	at org.xnio.ChannelListeners.invokeChannelListener(ChannelListeners.java:92)
	at org.xnio.nio.QueuedNioTcpServer$1.run(QueuedNioTcpServer.java:129)
	at org.xnio.nio.WorkerThread.safeRun(WorkerThread.java:582)
	at org.xnio.nio.WorkerThread.run(WorkerThread.java:466)
01:38:50.225 [XNIO-1 I/O-1] ERROR co.copper.app.App - Unexpected payment error
java.net.ConnectException: Connection refused (Connection refused)
	at java.base/java.net.PlainSocketImpl.socketConnect(Native Method)
	at java.base/java.net.AbstractPlainSocketImpl.doConnect(AbstractPlainSocketImpl.java:399)
	at java.base/java.net.AbstractPlainSocketImpl.connectToAddress(AbstractPlainSocketImpl.java:242)
	at java.base/java.net.AbstractPlainSocketImpl.connect(AbstractPlainSocketImpl.java:224)
	at java.base/java.net.Socket.connect(Socket.java:608)
	at java.base/sun.net.NetworkClient.doConnect(NetworkClient.java:177)
	at java.base/sun.net.www.http.HttpClient.openServer(HttpClient.java:474)
	at java.base/sun.net.www.http.HttpClient.openServer(HttpClient.java:569)
	at java.base/sun.net.www.http.HttpClient.<init>(HttpClient.java:242)
	at java.base/sun.net.www.http.HttpClient.New(HttpClient.java:341)
	at java.base/sun.net.www.http.HttpClient.New(HttpClient.java:362)
	at java.base/sun.net.www.protocol.http.HttpURLConnection.getNewHttpClient(HttpURLConnection.java:1253)
	at java.base/sun.net.www.protocol.http.HttpURLConnection.plainConnect0(HttpURLConnection.java:1187)
	at java.base/sun.net.www.protocol.http.HttpURLConnection.plainConnect(HttpURLConnection.java:1081)
	at java.base/sun.net.www.protocol.http.HttpURLConnection.connect(HttpURLConnection.java:1015)
	at java.base/sun.net.www.protocol.http.HttpURLConnection.getOutputStream0(HttpURLConnection.java:1367)
	at java.base/sun.net.www.protocol.http.HttpURLConnection.getOutputStream(HttpURLConnection.java:1342)
	at co.copper.app.util.HttpClient.openURL(HttpClient.java:105)
	at co.copper.app.util.HttpClient.post(HttpClient.java:71)
	at co.copper.app.Wallet.sendMany(Wallet.java:168)
	at co.copper.app.Wallet.send(Wallet.java:131)
	at co.copper.app.App.paymentGetHandler(App.java:124)
	at co.copper.app.mon.ManagementHttpServer.lambda$2(ManagementHttpServer.java:107)
	at io.undertow.server.RoutingHandler.handleRequest(RoutingHandler.java:93)
	at io.undertow.server.Connectors.executeRootHandler(Connectors.java:364)
	at io.undertow.server.protocol.http.HttpReadListener.handleEventWithNoRunningRequest(HttpReadListener.java:255)
	at io.undertow.server.protocol.http.HttpReadListener.handleEvent(HttpReadListener.java:136)
	at io.undertow.server.protocol.http.HttpOpenListener.handleEvent(HttpOpenListener.java:162)
	at io.undertow.server.protocol.http.HttpOpenListener.handleEvent(HttpOpenListener.java:100)
	at io.undertow.server.protocol.http.HttpOpenListener.handleEvent(HttpOpenListener.java:57)
	at org.xnio.ChannelListeners.invokeChannelListener(ChannelListeners.java:92)
	at org.xnio.ChannelListeners$10.handleEvent(ChannelListeners.java:291)
	at org.xnio.ChannelListeners$10.handleEvent(ChannelListeners.java:286)
	at org.xnio.ChannelListeners.invokeChannelListener(ChannelListeners.java:92)
	at org.xnio.nio.QueuedNioTcpServer$1.run(QueuedNioTcpServer.java:129)
	at org.xnio.nio.WorkerThread.safeRun(WorkerThread.java:582)
	at org.xnio.nio.WorkerThread.run(WorkerThread.java:466)
01:39:24.362 [XNIO-1 I/O-1] ERROR co.copper.app.App - Unexpected payment error
java.net.ConnectException: Connection refused (Connection refused)
	at java.base/java.net.PlainSocketImpl.socketConnect(Native Method)
	at java.base/java.net.AbstractPlainSocketImpl.doConnect(AbstractPlainSocketImpl.java:399)
	at java.base/java.net.AbstractPlainSocketImpl.connectToAddress(AbstractPlainSocketImpl.java:242)
	at java.base/java.net.AbstractPlainSocketImpl.connect(AbstractPlainSocketImpl.java:224)
	at java.base/java.net.Socket.connect(Socket.java:608)
	at java.base/sun.net.NetworkClient.doConnect(NetworkClient.java:177)
	at java.base/sun.net.www.http.HttpClient.openServer(HttpClient.java:474)
	at java.base/sun.net.www.http.HttpClient.openServer(HttpClient.java:569)
	at java.base/sun.net.www.http.HttpClient.<init>(HttpClient.java:242)
	at java.base/sun.net.www.http.HttpClient.New(HttpClient.java:341)
	at java.base/sun.net.www.http.HttpClient.New(HttpClient.java:362)
	at java.base/sun.net.www.protocol.http.HttpURLConnection.getNewHttpClient(HttpURLConnection.java:1253)
	at java.base/sun.net.www.protocol.http.HttpURLConnection.plainConnect0(HttpURLConnection.java:1187)
	at java.base/sun.net.www.protocol.http.HttpURLConnection.plainConnect(HttpURLConnection.java:1081)
	at java.base/sun.net.www.protocol.http.HttpURLConnection.connect(HttpURLConnection.java:1015)
	at java.base/sun.net.www.protocol.http.HttpURLConnection.getOutputStream0(HttpURLConnection.java:1367)
	at java.base/sun.net.www.protocol.http.HttpURLConnection.getOutputStream(HttpURLConnection.java:1342)
	at co.copper.app.util.HttpClient.openURL(HttpClient.java:105)
	at co.copper.app.util.HttpClient.post(HttpClient.java:71)
	at co.copper.app.Wallet.sendMany(Wallet.java:168)
	at co.copper.app.Wallet.send(Wallet.java:131)
	at co.copper.app.App.paymentGetHandler(App.java:124)
	at co.copper.app.mon.ManagementHttpServer.lambda$2(ManagementHttpServer.java:107)
	at io.undertow.server.RoutingHandler.handleRequest(RoutingHandler.java:93)
	at io.undertow.server.Connectors.executeRootHandler(Connectors.java:364)
	at io.undertow.server.protocol.http.HttpReadListener.handleEventWithNoRunningRequest(HttpReadListener.java:255)
	at io.undertow.server.protocol.http.HttpReadListener.handleEvent(HttpReadListener.java:136)
	at io.undertow.server.protocol.http.HttpOpenListener.handleEvent(HttpOpenListener.java:162)
	at io.undertow.server.protocol.http.HttpOpenListener.handleEvent(HttpOpenListener.java:100)
	at io.undertow.server.protocol.http.HttpOpenListener.handleEvent(HttpOpenListener.java:57)
	at org.xnio.ChannelListeners.invokeChannelListener(ChannelListeners.java:92)
	at org.xnio.ChannelListeners$10.handleEvent(ChannelListeners.java:291)
	at org.xnio.ChannelListeners$10.handleEvent(ChannelListeners.java:286)
	at org.xnio.ChannelListeners.invokeChannelListener(ChannelListeners.java:92)
	at org.xnio.nio.QueuedNioTcpServer$1.run(QueuedNioTcpServer.java:129)
	at org.xnio.nio.WorkerThread.safeRun(WorkerThread.java:582)
	at org.xnio.nio.WorkerThread.run(WorkerThread.java:466)
01:39:33.209 [XNIO-1 I/O-1] ERROR co.copper.app.App - Unexpected payment error
java.net.ConnectException: Connection refused (Connection refused)
	at java.base/java.net.PlainSocketImpl.socketConnect(Native Method)
	at java.base/java.net.AbstractPlainSocketImpl.doConnect(AbstractPlainSocketImpl.java:399)
	at java.base/java.net.AbstractPlainSocketImpl.connectToAddress(AbstractPlainSocketImpl.java:242)
	at java.base/java.net.AbstractPlainSocketImpl.connect(AbstractPlainSocketImpl.java:224)
	at java.base/java.net.Socket.connect(Socket.java:608)
	at java.base/sun.net.NetworkClient.doConnect(NetworkClient.java:177)
	at java.base/sun.net.www.http.HttpClient.openServer(HttpClient.java:474)
	at java.base/sun.net.www.http.HttpClient.openServer(HttpClient.java:569)
	at java.base/sun.net.www.http.HttpClient.<init>(HttpClient.java:242)
	at java.base/sun.net.www.http.HttpClient.New(HttpClient.java:341)
	at java.base/sun.net.www.http.HttpClient.New(HttpClient.java:362)
	at java.base/sun.net.www.protocol.http.HttpURLConnection.getNewHttpClient(HttpURLConnection.java:1253)
	at java.base/sun.net.www.protocol.http.HttpURLConnection.plainConnect0(HttpURLConnection.java:1187)
	at java.base/sun.net.www.protocol.http.HttpURLConnection.plainConnect(HttpURLConnection.java:1081)
	at java.base/sun.net.www.protocol.http.HttpURLConnection.connect(HttpURLConnection.java:1015)
	at java.base/sun.net.www.protocol.http.HttpURLConnection.getOutputStream0(HttpURLConnection.java:1367)
	at java.base/sun.net.www.protocol.http.HttpURLConnection.getOutputStream(HttpURLConnection.java:1342)
	at co.copper.app.util.HttpClient.openURL(HttpClient.java:105)
	at co.copper.app.util.HttpClient.post(HttpClient.java:71)
	at co.copper.app.Wallet.sendMany(Wallet.java:168)
	at co.copper.app.Wallet.send(Wallet.java:131)
	at co.copper.app.App.paymentGetHandler(App.java:124)
	at co.copper.app.mon.ManagementHttpServer.lambda$2(ManagementHttpServer.java:107)
	at io.undertow.server.RoutingHandler.handleRequest(RoutingHandler.java:93)
	at io.undertow.server.Connectors.executeRootHandler(Connectors.java:364)
	at io.undertow.server.protocol.http.HttpReadListener.handleEventWithNoRunningRequest(HttpReadListener.java:255)
	at io.undertow.server.protocol.http.HttpReadListener.handleEvent(HttpReadListener.java:136)
	at io.undertow.server.protocol.http.HttpOpenListener.handleEvent(HttpOpenListener.java:162)
	at io.undertow.server.protocol.http.HttpOpenListener.handleEvent(HttpOpenListener.java:100)
	at io.undertow.server.protocol.http.HttpOpenListener.handleEvent(HttpOpenListener.java:57)
	at org.xnio.ChannelListeners.invokeChannelListener(ChannelListeners.java:92)
	at org.xnio.ChannelListeners$10.handleEvent(ChannelListeners.java:291)
	at org.xnio.ChannelListeners$10.handleEvent(ChannelListeners.java:286)
	at org.xnio.ChannelListeners.invokeChannelListener(ChannelListeners.java:92)
	at org.xnio.nio.QueuedNioTcpServer$1.run(QueuedNioTcpServer.java:129)
	at org.xnio.nio.WorkerThread.safeRun(WorkerThread.java:582)
	at org.xnio.nio.WorkerThread.run(WorkerThread.java:466)
01:39:50.729 [XNIO-1 task-1] INFO  co.copper.app.App - Address: 1JzSZFs2DQke2B3S4pBxaNaMzzVZaG4Cqh
01:40:01.710 [XNIO-1 task-1] INFO  co.copper.app.App - Address: 1JzSZFs2DQke2B3S4pBxaNaMzzVZaG4Cqh
